<?xml version="1.0" encoding="UTF-8"?>
<!-- Generated by org.testng.reporters.JUnitXMLReporter -->
<testsuite hostname="DhilipAishu" ignored="0" name="Test" tests="4" failures="0" timestamp="02 Jul 2021 15:57:32 GMT" time="0.071" errors="0">
  <testcase name="IOSApps" time="0.022" classname="qaclickacademy.ApiumTest"/>
  <testcase name="NativeApps" time="0.003" classname="qaclickacademy.ApiumTest"/>
  <testcase name="deletetwitter" time="0.002" classname="qaclickacademy.RestAPITest"/>
  <testcase name="postjira" time="0.003" classname="qaclickacademy.RestAPITest"/>
</testsuite> <!-- Test -->
