<?xml version="1.0" encoding="UTF-8"?>
<!-- Generated by org.testng.reporters.JUnitXMLReporter -->
<testsuite hostname="DhilipAishu" ignored="0" name="Command line test" tests="6" failures="0" timestamp="02 Jul 2021 15:43:32 GMT" time="0.05" errors="0">
  <testcase name="IOSApps" time="0.007" classname="qaclickacademy.ApiumTest"/>
  <testcase name="NativeApps" time="0.0" classname="qaclickacademy.ApiumTest"/>
  <testcase name="deletetwitter" time="0.001" classname="qaclickacademy.RestAPITest"/>
  <testcase name="postjira" time="0.001" classname="qaclickacademy.RestAPITest"/>
  <testcase name="BrowserAutomation" time="0.001" classname="qaclickacademy.seleniumTest"/>
  <testcase name="elementsUI" time="0.001" classname="qaclickacademy.seleniumTest"/>
</testsuite> <!-- Command line test -->
