<?xml version="1.0" encoding="UTF-8"?>
<testng-results skipped="0" failed="0" ignored="0" total="6" passed="6">
  <reporter-output>
  </reporter-output>
  <suite name="Suite" duration-ms="55" started-at="2021-07-02T16:55:24Z" finished-at="2021-07-02T16:55:24Z">
    <groups>
    </groups>
    <test name="Test" duration-ms="55" started-at="2021-07-02T16:55:24Z" finished-at="2021-07-02T16:55:24Z">
      <class name="qaclickacademy.RestAPITest">
        <test-method status="PASS" signature="deletetwitter()[pri:0, instance:qaclickacademy.RestAPITest@7c0e2abd]" name="deletetwitter" duration-ms="0" started-at="2021-07-02T16:55:24Z" finished-at="2021-07-02T16:55:24Z">
          <reporter-output>
          </reporter-output>
        </test-method> <!-- deletetwitter -->
        <test-method status="PASS" signature="postjira()[pri:0, instance:qaclickacademy.RestAPITest@7c0e2abd]" name="postjira" duration-ms="1" started-at="2021-07-02T16:55:24Z" finished-at="2021-07-02T16:55:24Z">
          <reporter-output>
          </reporter-output>
        </test-method> <!-- postjira -->
      </class> <!-- qaclickacademy.RestAPITest -->
      <class name="qaclickacademy.ApiumTest">
        <test-method status="PASS" signature="IOSApps()[pri:0, instance:qaclickacademy.ApiumTest@4de8b406]" name="IOSApps" duration-ms="10" started-at="2021-07-02T16:55:24Z" finished-at="2021-07-02T16:55:24Z">
          <reporter-output>
          </reporter-output>
        </test-method> <!-- IOSApps -->
        <test-method status="PASS" signature="NativeApps()[pri:0, instance:qaclickacademy.ApiumTest@4de8b406]" name="NativeApps" duration-ms="0" started-at="2021-07-02T16:55:24Z" finished-at="2021-07-02T16:55:24Z">
          <reporter-output>
          </reporter-output>
        </test-method> <!-- NativeApps -->
      </class> <!-- qaclickacademy.ApiumTest -->
      <class name="qaclickacademy.seleniumTest">
        <test-method status="PASS" signature="BrowserAutomation()[pri:0, instance:qaclickacademy.seleniumTest@3c756e4d]" name="BrowserAutomation" duration-ms="1" started-at="2021-07-02T16:55:24Z" finished-at="2021-07-02T16:55:24Z">
          <reporter-output>
          </reporter-output>
        </test-method> <!-- BrowserAutomation -->
        <test-method status="PASS" signature="elementsUI()[pri:0, instance:qaclickacademy.seleniumTest@3c756e4d]" name="elementsUI" duration-ms="1" started-at="2021-07-02T16:55:24Z" finished-at="2021-07-02T16:55:24Z">
          <reporter-output>
          </reporter-output>
        </test-method> <!-- elementsUI -->
      </class> <!-- qaclickacademy.seleniumTest -->
    </test> <!-- Test -->
  </suite> <!-- Suite -->
</testng-results>
