<?xml version="1.0" encoding="UTF-8"?>
<testng-results skipped="0" failed="0" ignored="0" total="4" passed="4">
  <reporter-output>
  </reporter-output>
  <suite name="Suite" duration-ms="71" started-at="2021-07-02T15:57:32Z" finished-at="2021-07-02T15:57:32Z">
    <groups>
    </groups>
    <test name="Test" duration-ms="71" started-at="2021-07-02T15:57:32Z" finished-at="2021-07-02T15:57:32Z">
      <class name="qaclickacademy.RestAPITest">
        <test-method status="PASS" signature="deletetwitter()[pri:0, instance:qaclickacademy.RestAPITest@5700d6b1]" name="deletetwitter" duration-ms="2" started-at="2021-07-02T15:57:32Z" finished-at="2021-07-02T15:57:32Z">
          <reporter-output>
          </reporter-output>
        </test-method> <!-- deletetwitter -->
        <test-method status="PASS" signature="postjira()[pri:0, instance:qaclickacademy.RestAPITest@5700d6b1]" name="postjira" duration-ms="3" started-at="2021-07-02T15:57:32Z" finished-at="2021-07-02T15:57:32Z">
          <reporter-output>
          </reporter-output>
        </test-method> <!-- postjira -->
      </class> <!-- qaclickacademy.RestAPITest -->
      <class name="qaclickacademy.ApiumTest">
        <test-method status="PASS" signature="IOSApps()[pri:0, instance:qaclickacademy.ApiumTest@1ce92674]" name="IOSApps" duration-ms="22" started-at="2021-07-02T15:57:32Z" finished-at="2021-07-02T15:57:32Z">
          <reporter-output>
          </reporter-output>
        </test-method> <!-- IOSApps -->
        <test-method status="PASS" signature="NativeApps()[pri:0, instance:qaclickacademy.ApiumTest@1ce92674]" name="NativeApps" duration-ms="3" started-at="2021-07-02T15:57:32Z" finished-at="2021-07-02T15:57:32Z">
          <reporter-output>
          </reporter-output>
        </test-method> <!-- NativeApps -->
      </class> <!-- qaclickacademy.ApiumTest -->
    </test> <!-- Test -->
  </suite> <!-- Suite -->
</testng-results>
